<?xml version="1.0" encoding="UTF-8" ?>
<testsuite tests="4" failures="0" name="com.cf.tcg.model.DeckTest" time="0.01" errors="0" skipped="0">
  <properties>
[...]
</properties>
  <testcase classname="com.cf.tcg.model.DeckTest" name="testReshuffle" time="0.003"/>
  <testcase classname="com.cf.tcg.model.DeckTest" name="testReset" time="0.006"/>
  <testcase classname="com.cf.tcg.model.DeckTest" name="testScrap" time="0"/>
  <testcase classname="com.cf.tcg.model.DeckTest" name="testDeckBuilderCreatesCorrectDeck" time="0.001"/>
</testsuite>